<?xml version="1.0" encoding="UTF-8"?>
<!-- Generated by org.testng.reporters.JUnitReportReporter -->
<testsuite skipped="0" hostname="192.168.0.106" name="Page_Tests.Make_Appointment_Test" tests="1" failures="0" timestamp="2021-05-21T08:44:45 IST" time="9.986" errors="0">
  <testcase name="run_Make_Appointment_Test" time="9.986" classname="Page_Tests.Make_Appointment_Test"/>
  <system-out/>
</testsuite> <!-- Page_Tests.Make_Appointment_Test -->
