<?xml version="1.0" encoding="UTF-8"?>
<!-- Generated by org.testng.reporters.JUnitReportReporter -->
<testsuite skipped="0" hostname="192.168.0.104" name="Page_Tests.Login_test" tests="1" failures="0" timestamp="2021-05-16T16:02:35 IST" time="11.569" errors="0">
  <testcase name="run_login_test" time="11.569" classname="Page_Tests.Login_test"/>
  <system-out/>
</testsuite> <!-- Page_Tests.Login_test -->
