<?xml version="1.0" encoding="UTF-8"?>
<!-- Generated by org.testng.reporters.JUnitReportReporter -->
<testsuite skipped="0" hostname="Girishs-MacBook-Pro.local" name="Page_Tests.Login_test" tests="1" failures="0" timestamp="2021-09-16T06:55:41 IST" time="6.852" errors="0">
  <testcase name="run_login_test" time="6.852" classname="Page_Tests.Login_test"/>
  <system-out/>
</testsuite> <!-- Page_Tests.Login_test -->
